<?xml version="1.0" encoding="UTF-8"?>
<!-- Generated by org.testng.reporters.JUnitReportReporter -->
<testsuite hostname="DESKTOP-9B2JCSO" failures="0" tests="1" name="org.testngpractice.AmazonTest" time="14.067" errors="0" timestamp="2023-12-25T11:30:34 IST" skipped="0">
  <testcase classname="org.testngpractice.AmazonTest" name="fbLaunch" time="14.067"/>
</testsuite> <!-- org.testngpractice.AmazonTest -->
