<?xml version="1.0" encoding="UTF-8"?>
<!-- Generated by org.testng.reporters.JUnitReportReporter -->
<testsuite hostname="DESKTOP-9B2JCSO" failures="0" tests="3" name="org.testngpractice.FBLogin" time="71.651" errors="0" timestamp="2023-12-28T10:40:10 IST" skipped="0">
  <testcase classname="org.testngpractice.FBLogin" name="flipkartLaunch" time="28.312">
    <system-out>
      <![CDATA[=======Facebook Launch=========]]>
    </system-out>
  </testcase> <!-- flipkartLaunch -->
  <testcase classname="org.testngpractice.FBLogin" name="fbLaunch" time="21.749">
    <system-out>
      <![CDATA[=======Facebook Launch=========]]>
    </system-out>
  </testcase> <!-- fbLaunch -->
  <testcase classname="org.testngpractice.FBLogin" name="amazonLaunch" time="21.590">
    <system-out>
      <![CDATA[=======Facebook Launch=========]]>
    </system-out>
  </testcase> <!-- amazonLaunch -->
  <system-out>
    <![CDATA[=======Facebook Launch=========
=======Facebook Launch=========
=======Facebook Launch=========]]>
  </system-out>
</testsuite> <!-- org.testngpractice.FBLogin -->
