<?xml version="1.0" encoding="UTF-8"?>
<!-- Generated by org.testng.reporters.JUnitReportReporter -->
<testsuite hostname="DESKTOP-9B2JCSO" failures="0" tests="1" name="org.testngpractice.Sample" time="10.608" errors="0" timestamp="2024-01-22T09:56:21 IST" skipped="0">
  <testcase classname="org.testngpractice.Sample" name="tc1" time="10.608"/>
</testsuite> <!-- org.testngpractice.Sample -->
