<?xml version="1.0" encoding="UTF-8"?>
<!-- Generated by org.testng.reporters.JUnitReportReporter -->
<testsuite hostname="DESKTOP-9B2JCSO" failures="0" tests="1" name="org.testngpractice.Sample" time="44.274" errors="0" timestamp="2023-12-28T12:42:31 IST" skipped="0">
  <testcase classname="org.testngpractice.Sample" name="tc1" time="44.274"/>
</testsuite> <!-- org.testngpractice.Sample -->
